<?xml version="1.0" encoding="UTF-8"?>
<!-- Generated by org.testng.reporters.JUnitReportReporter -->
<testsuite hostname="DESKTOP-PN8R175" failures="0" tests="6" name="BaseLambda.ScenarioDemo" time="67.212" errors="0" timestamp="14 Oct 2023 12:25:11 GMT">
  <testcase classname="BaseLambda.ScenarioDemo" name="SimpleFormDemo" time="10.288"/>
  <testcase classname="BaseLambda.ScenarioDemo" name="InputFormSubmit" time="10.492"/>
  <testcase classname="BaseLambda.ScenarioDemo" name="SimpleFormDemo" time="11.159"/>
  <testcase classname="BaseLambda.ScenarioDemo" name="InputFormSubmit" time="17.482"/>
  <testcase classname="BaseLambda.ScenarioDemo" name="DragDropSliders" time="6.533"/>
  <testcase classname="BaseLambda.ScenarioDemo" name="DragDropSliders" time="11.258"/>
</testsuite> <!-- BaseLambda.ScenarioDemo -->
