<?xml version="1.0" encoding="UTF-8"?>
<!-- Generated by org.testng.reporters.JUnitReportReporter -->
<testsuite hostname="DESKTOP-PN8R175" failures="0" tests="1" name="BaseLambda.BrowserCapability" time="0.009" errors="0" timestamp="13 Oct 2023 17:58:11 GMT">
  <testcase classname="BaseLambda.BrowserCapability" name="test1" time="0.009"/>
</testsuite> <!-- BaseLambda.BrowserCapability -->
